0 info it worked if it ends with ok
1 verbose cli [ 'node', '/usr/local/bin/npm', 'publish' ]
2 info using npm@2.4.1
3 info using node@v1.1.0
4 verbose node symlink /usr/local/bin/node
5 verbose publish [ '.' ]
6 silly cache add args [ '.', null ]
7 verbose cache add spec .
8 silly cache add parsed spec { raw: '.',
8 silly cache add   scope: null,
8 silly cache add   name: null,
8 silly cache add   rawSpec: '.',
8 silly cache add   spec: '/Users/kirjs/code/highcharts-commonjs',
8 silly cache add   type: 'directory' }
9 verbose addLocalDirectory /Users/kirjs/.npm/highcharts-commonjs/4.0.3/package.tgz not in flight; packing
10 verbose tar pack [ '/Users/kirjs/.npm/highcharts-commonjs/4.0.3/package.tgz',
10 verbose tar pack   '/Users/kirjs/code/highcharts-commonjs' ]
11 verbose tarball /Users/kirjs/.npm/highcharts-commonjs/4.0.3/package.tgz
12 verbose folder /Users/kirjs/code/highcharts-commonjs
13 info prepublish highcharts-commonjs@4.0.3
14 verbose addLocalTarball adding from inside cache /Users/kirjs/.npm/highcharts-commonjs/4.0.3/package.tgz
15 silly cache afterAdd highcharts-commonjs@4.0.3
16 verbose afterAdd /Users/kirjs/.npm/highcharts-commonjs/4.0.3/package/package.json not in flight; writing
17 verbose afterAdd /Users/kirjs/.npm/highcharts-commonjs/4.0.3/package/package.json written
18 silly publish { name: 'highcharts-commonjs',
18 silly publish   version: '4.0.3',
18 silly publish   description: 'Allows to require highcharts with webpack or browserify',
18 silly publish   main: 'index.js',
18 silly publish   author: { name: 'Kirill Cherakshin' },
18 silly publish   license: 'www.highcharts.com/license',
18 silly publish   dependencies: { 'exports-loader': '^0.6.2' },
18 silly publish   devDependencies:
18 silly publish    { gulp: '^3.8.11',
18 silly publish      'gulp-bump': '^0.1.13',
18 silly publish      'gulp-rename': '^1.2.0',
18 silly publish      'gulp-webpack': '^1.2.0' },
18 silly publish   readme: '# highchart-commonjs\n\nThis is a simple wrapper for highcharts that allows using it with webpack.\n\n# Installation\n\n```bash\nnpm install highcharts --save\n```\n\n# Usage\n\n`require(\'highcharts-commonjs\')`\n',
18 silly publish   readmeFilename: 'README.md',
18 silly publish   gitHead: 'b76c89e1b4bfca4df6a54f53b87b9a64e10fcea5',
18 silly publish   _id: 'highcharts-commonjs@4.0.3',
18 silly publish   scripts: {},
18 silly publish   _shasum: 'a4a616e28e4a831e755c11ea453c242db29b41fb',
18 silly publish   _from: '.' }
19 silly mapToRegistry name highcharts-commonjs
20 silly mapToRegistry using default registry
21 silly mapToRegistry registry https://registry.npmjs.org/
22 silly mapToRegistry uri https://registry.npmjs.org/highcharts-commonjs
23 verbose publish registryBase https://registry.npmjs.org/
24 silly publish uploading /Users/kirjs/.npm/highcharts-commonjs/4.0.3/package.tgz
25 verbose request uri https://registry.npmjs.org/highcharts-commonjs
26 verbose request sending authorization for write operation
27 info attempt registry request try #1 at 18:24:15
28 verbose request id e9a4867e82b21018
29 http request PUT https://registry.npmjs.org/highcharts-commonjs
30 http 403 https://registry.npmjs.org/highcharts-commonjs
31 verbose headers { date: 'Fri, 27 Feb 2015 23:24:16 GMT',
31 verbose headers   server: 'CouchDB/1.5.0 (Erlang OTP/R16B03)',
31 verbose headers   'content-type': 'application/json',
31 verbose headers   'cache-control': 'max-age=60',
31 verbose headers   'content-length': '1536',
31 verbose headers   'accept-ranges': 'bytes',
31 verbose headers   via: '1.1 varnish',
31 verbose headers   'x-served-by': 'cache-iad2121-IAD',
31 verbose headers   'x-cache': 'MISS',
31 verbose headers   'x-cache-hits': '0',
31 verbose headers   'x-timer': 'S1425079455.660544,VS0,VE661',
31 verbose headers   'keep-alive': 'timeout=10, max=50',
31 verbose headers   connection: 'Keep-Alive' }
32 verbose request invalidating /Users/kirjs/.npm/registry.npmjs.org/highcharts-commonjs on PUT
33 error publish Failed PUT 403
34 verbose stack Error: forbidden user: kirjs not authorized to modify highcharts-commonjs
34 verbose stack Changed: time.modified "2015-02-27T20:50:48.836Z" -> "2015-02-27T23:24:16.249Z"
34 verbose stack Added: time.4.0.3
34 verbose stack Changed: dist-tags.latest "4.1.1-1" -> "4.0.3"
34 verbose stack Changed: description "Create interactive charts easily for your web projects." -> "Allows to require highcharts with webpack or browserify"
34 verbose stack Changed: readme "# Highcharts Wrapper for CommonJS\u000a\u000a### Example Usage\u000a```javascript\u000a'use strict';\u000avar Highcharts = require('highcharts-commonjs');\u000a\u000avar someDOMDiv = ...;\u000a\u000a// create chart\u000avar chart = Highcharts.createChart(\u000a  // dom element to inject the chart\u000a  someDOMDiv,\u000a  // highcharts options\u000a  {\u000a    title: {\u000a      text: 'My chart'\u000a    },\u000a  ...\u000a  },\u000a  // callback, called when initialization of chart is done\u000a  function() {\u000a    console.log('Chart initialized');\u000a  }\u000a);\u000a\u000a...\u000a\u000a// destroy chart\u000aHighcharts.destroy(chart);\u000a\u000a```\u000a" -> "# highchart-commonjs\u000a\u000aThis is a simple wrapper for highcharts that allows using it with webpack.\u000a\u000a# Installation\u000a\u000a```bash\u000anpm install highcharts --save\u000a```\u000a\u000a# Usage\u000a\u000a`require('highcharts-commonjs')`\u000a"
34 verbose stack Added: versions.4.0.3
34 verbose stack Deleted: homepage
34 verbose stack Deleted: keywords
34 verbose stack Deleted: repository
34 verbose stack Deleted: bugs
34 verbose stack Added: author
34 verbose stack Added: _attachments: highcharts-commonjs
34 verbose stack     at CachingRegistryClient.<anonymous> (/usr/local/lib/node_modules/npm/node_modules/npm-registry-client/lib/request.js:254:14)
34 verbose stack     at Request._callback (/usr/local/lib/node_modules/npm/node_modules/npm-registry-client/lib/request.js:178:14)
34 verbose stack     at Request.self.callback (/usr/local/lib/node_modules/npm/node_modules/request/request.js:373:22)
34 verbose stack     at Request.emit (events.js:100:17)
34 verbose stack     at Request.<anonymous> (/usr/local/lib/node_modules/npm/node_modules/request/request.js:1318:14)
34 verbose stack     at Request.emit (events.js:119:20)
34 verbose stack     at IncomingMessage.<anonymous> (/usr/local/lib/node_modules/npm/node_modules/request/request.js:1266:12)
34 verbose stack     at IncomingMessage.emit (events.js:119:20)
34 verbose stack     at _stream_readable.js:888:16
34 verbose stack     at process._tickCallback (node.js:337:11)
35 verbose statusCode 403
36 verbose pkgid highcharts-commonjs
37 verbose cwd /Users/kirjs/code/highcharts-commonjs
38 error Darwin 13.4.0
39 error argv "node" "/usr/local/bin/npm" "publish"
40 error node v1.1.0
41 error npm  v2.4.1
42 error code E403
43 error forbidden user: kirjs not authorized to modify highcharts-commonjs
43 error Changed: time.modified "2015-02-27T20:50:48.836Z" -> "2015-02-27T23:24:16.249Z"
43 error Added: time.4.0.3
43 error Changed: dist-tags.latest "4.1.1-1" -> "4.0.3"
43 error Changed: description "Create interactive charts easily for your web projects." -> "Allows to require highcharts with webpack or browserify"
43 error Changed: readme "# Highcharts Wrapper for CommonJS\u000a\u000a### Example Usage\u000a```javascript\u000a'use strict';\u000avar Highcharts = require('highcharts-commonjs');\u000a\u000avar someDOMDiv = ...;\u000a\u000a// create chart\u000avar chart = Highcharts.createChart(\u000a  // dom element to inject the chart\u000a  someDOMDiv,\u000a  // highcharts options\u000a  {\u000a    title: {\u000a      text: 'My chart'\u000a    },\u000a  ...\u000a  },\u000a  // callback, called when initialization of chart is done\u000a  function() {\u000a    console.log('Chart initialized');\u000a  }\u000a);\u000a\u000a...\u000a\u000a// destroy chart\u000aHighcharts.destroy(chart);\u000a\u000a```\u000a" -> "# highchart-commonjs\u000a\u000aThis is a simple wrapper for highcharts that allows using it with webpack.\u000a\u000a# Installation\u000a\u000a```bash\u000anpm install highcharts --save\u000a```\u000a\u000a# Usage\u000a\u000a`require('highcharts-commonjs')`\u000a"
43 error Added: versions.4.0.3
43 error Deleted: homepage
43 error Deleted: keywords
43 error Deleted: repository
43 error Deleted: bugs
43 error Added: author
43 error Added: _attachments: highcharts-commonjs
44 error If you need help, you may report this error at:
44 error     <http://github.com/npm/npm/issues>
45 verbose exit [ 1, true ]
